This is pdfTeX, Version 3.14159265-2.6-1.40.20 (TeX Live 2019/Debian) (preloaded format=latex 2021.2.2)  21 FEB 2021 11:29
entering extended mode
 restricted \write18 enabled.
 %&-line parsing enabled.
**CoverLetter.tex
(./CoverLetter.tex
LaTeX2e <2020-02-02> patch level 2
L3 programming layer <2020-02-14>
(/usr/share/texlive/texmf-dist/tex/latex/base/article.cls
Document Class: article 2019/12/20 v1.4l Standard LaTeX document class
(/usr/share/texlive/texmf-dist/tex/latex/base/size10.clo
File: size10.clo 2019/12/20 v1.4l Standard LaTeX file (size option)
)
\c@part=\count167
\c@section=\count168
\c@subsection=\count169
\c@subsubsection=\count170
\c@paragraph=\count171
\c@subparagraph=\count172
\c@figure=\count173
\c@table=\count174
\abovecaptionskip=\skip47
\belowcaptionskip=\skip48
\bibindent=\dimen134
)
(/usr/share/texlive/texmf-dist/tex/latex/lineno/lineno.sty
Package: lineno 2005/11/02 line numbers on paragraphs v4.41
\linenopenalty=\count175
\output=\toks14
\linenoprevgraf=\count176
\linenumbersep=\dimen135
\linenumberwidth=\dimen136
\c@linenumber=\count177
\c@pagewiselinenumber=\count178
\c@LN@truepage=\count179
\c@internallinenumber=\count180
\c@internallinenumbers=\count181
\quotelinenumbersep=\dimen137
\bframerule=\dimen138
\bframesep=\dimen139
\bframebox=\box45
LaTeX Info: Redefining \\ on input line 3056.
)
(/usr/share/texlive/texmf-dist/tex/latex/l3backend/l3backend-dvips.def
File: l3backend-dvips.def 2020-02-03 L3 backend support: dvips
\l__pdf_internal_box=\box46
\g__pdf_backend_object_int=\count182
\l__pdf_backend_content_box=\box47
\l__pdf_backend_model_box=\box48
\g__pdf_backend_annotation_int=\count183
\g__pdf_backend_link_int=\count184
\g__pdf_backend_link_sf_int=\count185
)
(./coverletter.aux)
\openout1 = `CoverLetter.aux'.

LaTeX Font Info:    Checking defaults for OML/cmm/m/it on input line 15.
LaTeX Font Info:    ... okay on input line 15.
LaTeX Font Info:    Checking defaults for OMS/cmsy/m/n on input line 15.
LaTeX Font Info:    ... okay on input line 15.
LaTeX Font Info:    Checking defaults for OT1/cmr/m/n on input line 15.
LaTeX Font Info:    ... okay on input line 15.
LaTeX Font Info:    Checking defaults for T1/cmr/m/n on input line 15.
LaTeX Font Info:    ... okay on input line 15.
LaTeX Font Info:    Checking defaults for TS1/cmr/m/n on input line 15.
LaTeX Font Info:    ... okay on input line 15.
LaTeX Font Info:    Checking defaults for OMX/cmex/m/n on input line 15.
LaTeX Font Info:    ... okay on input line 15.
LaTeX Font Info:    Checking defaults for U/cmr/m/n on input line 15.
LaTeX Font Info:    ... okay on input line 15.
LaTeX Font Info:    External font `cmex10' loaded for size
(Font)              <12> on input line 20.
LaTeX Font Info:    External font `cmex10' loaded for size
(Font)              <8> on input line 20.
LaTeX Font Info:    External font `cmex10' loaded for size
(Font)              <6> on input line 20.

Underfull \hbox (badness 10000) in paragraph at lines 28--37

 []


Underfull \hbox (badness 10000) in paragraph at lines 28--37

 []


Underfull \hbox (badness 10000) in paragraph at lines 46--48

 []


Underfull \hbox (badness 10000) in paragraph at lines 49--57

 []


Underfull \hbox (badness 10000) in paragraph at lines 58--66

 []

[1

]
Underfull \hbox (badness 10000) in paragraph at lines 79--89

 []


Underfull \hbox (badness 10000) in paragraph at lines 79--89

 []


Underfull \hbox (badness 10000) in paragraph at lines 79--89

 []


Underfull \hbox (badness 10000) in paragraph at lines 79--89

 []


Underfull \hbox (badness 10000) in paragraph at lines 79--89

 []

[2] (./CoverLetter.aux) ) 
Here is how much of TeX's memory you used:
 611 strings out of 481240
 9824 string characters out of 5920404
 242747 words of memory out of 5000000
 15944 multiletter control sequences out of 15000+600000
 536186 words of font info for 37 fonts, out of 8000000 for 9000
 1141 hyphenation exceptions out of 8191
 25i,6n,19p,180b,192s stack positions out of 5000i,500n,10000p,200000b,80000s

Output written on CoverLetter.dvi (2 pages, 2988 bytes).
